<?xml version="1.0" encoding="UTF-8"?>
<!-- Generated by org.testng.reporters.JUnitReportReporter -->
<testsuite skipped="0" hostname="DESKTOP-BJVVV6G" name="runners.TestRunner" tests="1" failures="0" timestamp="2021-03-26T16:39:46 IST" time="76.274" errors="0">
  <testcase name="runScenario" time="76.274" classname="runners.TestRunner"/>
  <system-out/>
</testsuite> <!-- runners.TestRunner -->
